  eventengine.cpp
e:\2106\c++\cktrader\include\utils\datablk.h(91): warning C4251: 'Datablk::m_ptr': class 'std::unique_ptr<Datablk::Base,std::default_delete<_Ty>>' needs to have dll-interface to be used by clients of struct 'Datablk'
          with
          [
              _Ty=Datablk::Base
          ]
  e:\2106\c++\cktrader\include\utils\datablk.h(61): note: see declaration of 'std::unique_ptr<Datablk::Base,std::default_delete<_Ty>>'
          with
          [
              _Ty=Datablk::Base
          ]
e:\2106\c++\cktrader\include\utils\datablk.h(92): warning C4251: 'Datablk::m_tpIndex': class 'std::type_index' needs to have dll-interface to be used by clients of struct 'Datablk'
  c:\program files (x86)\microsoft visual studio 14.0\vc\include\typeindex(19): note: see declaration of 'std::type_index'
e:\2106\c++\cktrader\include\utils\cktypes.h(17): warning C4251: 'Task::type': class 'std::basic_string<char,std::char_traits<char>,std::allocator<char>>' needs to have dll-interface to be used by clients of struct 'Task'
  c:\program files (x86)\microsoft visual studio 14.0\vc\include\xstring(2633): note: see declaration of 'std::basic_string<char,std::char_traits<char>,std::allocator<char>>'
e:\2106\c++\cktrader\include\utils\cktypes.h(28): warning C4251: 'FuncData::h': class 'std::function<void (Datablk &)>' needs to have dll-interface to be used by clients of struct 'FuncData'
  e:\2106\c++\cktrader\include\utils\cktypes.h(21): note: see declaration of 'std::function<void (Datablk &)>'
e:\2106\c++\cktrader\include\utils\cktypes.h(51): warning C4251: 'StopOrder::symbol': class 'std::basic_string<char,std::char_traits<char>,std::allocator<char>>' needs to have dll-interface to be used by clients of struct 'StopOrder'
  c:\program files (x86)\microsoft visual studio 14.0\vc\include\xstring(2633): note: see declaration of 'std::basic_string<char,std::char_traits<char>,std::allocator<char>>'
e:\2106\c++\cktrader\include\utils\cktypes.h(52): warning C4251: 'StopOrder::orderType': class 'std::basic_string<char,std::char_traits<char>,std::allocator<char>>' needs to have dll-interface to be used by clients of struct 'StopOrder'
  c:\program files (x86)\microsoft visual studio 14.0\vc\include\xstring(2633): note: see declaration of 'std::basic_string<char,std::char_traits<char>,std::allocator<char>>'
e:\2106\c++\cktrader\include\utils\cktypes.h(53): warning C4251: 'StopOrder::direction': class 'std::basic_string<char,std::char_traits<char>,std::allocator<char>>' needs to have dll-interface to be used by clients of struct 'StopOrder'
  c:\program files (x86)\microsoft visual studio 14.0\vc\include\xstring(2633): note: see declaration of 'std::basic_string<char,std::char_traits<char>,std::allocator<char>>'
e:\2106\c++\cktrader\include\utils\cktypes.h(54): warning C4251: 'StopOrder::offset': class 'std::basic_string<char,std::char_traits<char>,std::allocator<char>>' needs to have dll-interface to be used by clients of struct 'StopOrder'
  c:\program files (x86)\microsoft visual studio 14.0\vc\include\xstring(2633): note: see declaration of 'std::basic_string<char,std::char_traits<char>,std::allocator<char>>'
e:\2106\c++\cktrader\include\utils\cktypes.h(57): warning C4251: 'StopOrder::stopOrderID': class 'std::basic_string<char,std::char_traits<char>,std::allocator<char>>' needs to have dll-interface to be used by clients of struct 'StopOrder'
  c:\program files (x86)\microsoft visual studio 14.0\vc\include\xstring(2633): note: see declaration of 'std::basic_string<char,std::char_traits<char>,std::allocator<char>>'
e:\2106\c++\cktrader\include\utils\cktypes.h(58): warning C4251: 'StopOrder::status': class 'std::basic_string<char,std::char_traits<char>,std::allocator<char>>' needs to have dll-interface to be used by clients of struct 'StopOrder'
  c:\program files (x86)\microsoft visual studio 14.0\vc\include\xstring(2633): note: see declaration of 'std::basic_string<char,std::char_traits<char>,std::allocator<char>>'
e:\2106\c++\cktrader\include\utils\cktypes.h(59): warning C4251: 'StopOrder::strategyName': class 'std::basic_string<char,std::char_traits<char>,std::allocator<char>>' needs to have dll-interface to be used by clients of struct 'StopOrder'
  c:\program files (x86)\microsoft visual studio 14.0\vc\include\xstring(2633): note: see declaration of 'std::basic_string<char,std::char_traits<char>,std::allocator<char>>'
e:\2106\c++\cktrader\include\utils\cktypes.h(64): warning C4251: 'BarData::symbol': class 'std::basic_string<char,std::char_traits<char>,std::allocator<char>>' needs to have dll-interface to be used by clients of struct 'BarData'
  c:\program files (x86)\microsoft visual studio 14.0\vc\include\xstring(2633): note: see declaration of 'std::basic_string<char,std::char_traits<char>,std::allocator<char>>'
e:\2106\c++\cktrader\include\utils\cktypes.h(65): warning C4251: 'BarData::exchange': class 'std::basic_string<char,std::char_traits<char>,std::allocator<char>>' needs to have dll-interface to be used by clients of struct 'BarData'
  c:\program files (x86)\microsoft visual studio 14.0\vc\include\xstring(2633): note: see declaration of 'std::basic_string<char,std::char_traits<char>,std::allocator<char>>'
e:\2106\c++\cktrader\include\utils\cktypes.h(70): warning C4251: 'BarData::date': class 'std::basic_string<char,std::char_traits<char>,std::allocator<char>>' needs to have dll-interface to be used by clients of struct 'BarData'
  c:\program files (x86)\microsoft visual studio 14.0\vc\include\xstring(2633): note: see declaration of 'std::basic_string<char,std::char_traits<char>,std::allocator<char>>'
e:\2106\c++\cktrader\include\utils\cktypes.h(71): warning C4251: 'BarData::time': class 'std::basic_string<char,std::char_traits<char>,std::allocator<char>>' needs to have dll-interface to be used by clients of struct 'BarData'
  c:\program files (x86)\microsoft visual studio 14.0\vc\include\xstring(2633): note: see declaration of 'std::basic_string<char,std::char_traits<char>,std::allocator<char>>'
e:\2106\c++\cktrader\include\utils\cktypes.h(78): warning C4251: 'TickData::symbol': class 'std::basic_string<char,std::char_traits<char>,std::allocator<char>>' needs to have dll-interface to be used by clients of struct 'TickData'
  c:\program files (x86)\microsoft visual studio 14.0\vc\include\xstring(2633): note: see declaration of 'std::basic_string<char,std::char_traits<char>,std::allocator<char>>'
e:\2106\c++\cktrader\include\utils\cktypes.h(79): warning C4251: 'TickData::exchange': class 'std::basic_string<char,std::char_traits<char>,std::allocator<char>>' needs to have dll-interface to be used by clients of struct 'TickData'
  c:\program files (x86)\microsoft visual studio 14.0\vc\include\xstring(2633): note: see declaration of 'std::basic_string<char,std::char_traits<char>,std::allocator<char>>'
e:\2106\c++\cktrader\include\utils\cktypes.h(85): warning C4251: 'TickData::date': class 'std::basic_string<char,std::char_traits<char>,std::allocator<char>>' needs to have dll-interface to be used by clients of struct 'TickData'
  c:\program files (x86)\microsoft visual studio 14.0\vc\include\xstring(2633): note: see declaration of 'std::basic_string<char,std::char_traits<char>,std::allocator<char>>'
e:\2106\c++\cktrader\include\utils\cktypes.h(86): warning C4251: 'TickData::time': class 'std::basic_string<char,std::char_traits<char>,std::allocator<char>>' needs to have dll-interface to be used by clients of struct 'TickData'
  c:\program files (x86)\microsoft visual studio 14.0\vc\include\xstring(2633): note: see declaration of 'std::basic_string<char,std::char_traits<char>,std::allocator<char>>'
e:\2106\c++\cktrader\include\utils\cktypes.h(107): warning C4251: 'TickData::tSymbol': class 'std::basic_string<char,std::char_traits<char>,std::allocator<char>>' needs to have dll-interface to be used by clients of struct 'TickData'
  c:\program files (x86)\microsoft visual studio 14.0\vc\include\xstring(2633): note: see declaration of 'std::basic_string<char,std::char_traits<char>,std::allocator<char>>'
e:\2106\c++\cktrader\include\utils\cktypes.h(108): warning C4251: 'TickData::gateWayName': class 'std::basic_string<char,std::char_traits<char>,std::allocator<char>>' needs to have dll-interface to be used by clients of struct 'TickData'
  c:\program files (x86)\microsoft visual studio 14.0\vc\include\xstring(2633): note: see declaration of 'std::basic_string<char,std::char_traits<char>,std::allocator<char>>'
e:\2106\c++\cktrader\include\utils\cktypes.h(118): warning C4251: 'OrderData::symbol': class 'std::basic_string<char,std::char_traits<char>,std::allocator<char>>' needs to have dll-interface to be used by clients of struct 'OrderData'
  c:\program files (x86)\microsoft visual studio 14.0\vc\include\xstring(2633): note: see declaration of 'std::basic_string<char,std::char_traits<char>,std::allocator<char>>'
e:\2106\c++\cktrader\include\utils\cktypes.h(119): warning C4251: 'OrderData::exchange': class 'std::basic_string<char,std::char_traits<char>,std::allocator<char>>' needs to have dll-interface to be used by clients of struct 'OrderData'
  c:\program files (x86)\microsoft visual studio 14.0\vc\include\xstring(2633): note: see declaration of 'std::basic_string<char,std::char_traits<char>,std::allocator<char>>'
e:\2106\c++\cktrader\include\utils\cktypes.h(120): warning C4251: 'OrderData::orderID': class 'std::basic_string<char,std::char_traits<char>,std::allocator<char>>' needs to have dll-interface to be used by clients of struct 'OrderData'
  c:\program files (x86)\microsoft visual studio 14.0\vc\include\xstring(2633): note: see declaration of 'std::basic_string<char,std::char_traits<char>,std::allocator<char>>'
e:\2106\c++\cktrader\include\utils\cktypes.h(121): warning C4251: 'OrderData::direction': class 'std::basic_string<char,std::char_traits<char>,std::allocator<char>>' needs to have dll-interface to be used by clients of struct 'OrderData'
  c:\program files (x86)\microsoft visual studio 14.0\vc\include\xstring(2633): note: see declaration of 'std::basic_string<char,std::char_traits<char>,std::allocator<char>>'
e:\2106\c++\cktrader\include\utils\cktypes.h(122): warning C4251: 'OrderData::offset': class 'std::basic_string<char,std::char_traits<char>,std::allocator<char>>' needs to have dll-interface to be used by clients of struct 'OrderData'
  c:\program files (x86)\microsoft visual studio 14.0\vc\include\xstring(2633): note: see declaration of 'std::basic_string<char,std::char_traits<char>,std::allocator<char>>'
e:\2106\c++\cktrader\include\utils\cktypes.h(126): warning C4251: 'OrderData::status': class 'std::basic_string<char,std::char_traits<char>,std::allocator<char>>' needs to have dll-interface to be used by clients of struct 'OrderData'
  c:\program files (x86)\microsoft visual studio 14.0\vc\include\xstring(2633): note: see declaration of 'std::basic_string<char,std::char_traits<char>,std::allocator<char>>'
e:\2106\c++\cktrader\include\utils\cktypes.h(127): warning C4251: 'OrderData::orderTime': class 'std::basic_string<char,std::char_traits<char>,std::allocator<char>>' needs to have dll-interface to be used by clients of struct 'OrderData'
  c:\program files (x86)\microsoft visual studio 14.0\vc\include\xstring(2633): note: see declaration of 'std::basic_string<char,std::char_traits<char>,std::allocator<char>>'
e:\2106\c++\cktrader\include\utils\cktypes.h(128): warning C4251: 'OrderData::cancelTime': class 'std::basic_string<char,std::char_traits<char>,std::allocator<char>>' needs to have dll-interface to be used by clients of struct 'OrderData'
  c:\program files (x86)\microsoft visual studio 14.0\vc\include\xstring(2633): note: see declaration of 'std::basic_string<char,std::char_traits<char>,std::allocator<char>>'
e:\2106\c++\cktrader\include\utils\cktypes.h(131): warning C4251: 'OrderData::tOrderID': class 'std::basic_string<char,std::char_traits<char>,std::allocator<char>>' needs to have dll-interface to be used by clients of struct 'OrderData'
  c:\program files (x86)\microsoft visual studio 14.0\vc\include\xstring(2633): note: see declaration of 'std::basic_string<char,std::char_traits<char>,std::allocator<char>>'
e:\2106\c++\cktrader\include\utils\cktypes.h(132): warning C4251: 'OrderData::gateWayName': class 'std::basic_string<char,std::char_traits<char>,std::allocator<char>>' needs to have dll-interface to be used by clients of struct 'OrderData'
  c:\program files (x86)\microsoft visual studio 14.0\vc\include\xstring(2633): note: see declaration of 'std::basic_string<char,std::char_traits<char>,std::allocator<char>>'
e:\2106\c++\cktrader\include\utils\cktypes.h(133): warning C4251: 'OrderData::tSymbol': class 'std::basic_string<char,std::char_traits<char>,std::allocator<char>>' needs to have dll-interface to be used by clients of struct 'OrderData'
  c:\program files (x86)\microsoft visual studio 14.0\vc\include\xstring(2633): note: see declaration of 'std::basic_string<char,std::char_traits<char>,std::allocator<char>>'
e:\2106\c++\cktrader\include\utils\cktypes.h(138): warning C4251: 'TradeData::symbol': class 'std::basic_string<char,std::char_traits<char>,std::allocator<char>>' needs to have dll-interface to be used by clients of struct 'TradeData'
  c:\program files (x86)\microsoft visual studio 14.0\vc\include\xstring(2633): note: see declaration of 'std::basic_string<char,std::char_traits<char>,std::allocator<char>>'
e:\2106\c++\cktrader\include\utils\cktypes.h(139): warning C4251: 'TradeData::exchange': class 'std::basic_string<char,std::char_traits<char>,std::allocator<char>>' needs to have dll-interface to be used by clients of struct 'TradeData'
  c:\program files (x86)\microsoft visual studio 14.0\vc\include\xstring(2633): note: see declaration of 'std::basic_string<char,std::char_traits<char>,std::allocator<char>>'
e:\2106\c++\cktrader\include\utils\cktypes.h(140): warning C4251: 'TradeData::tradeID': class 'std::basic_string<char,std::char_traits<char>,std::allocator<char>>' needs to have dll-interface to be used by clients of struct 'TradeData'
  c:\program files (x86)\microsoft visual studio 14.0\vc\include\xstring(2633): note: see declaration of 'std::basic_string<char,std::char_traits<char>,std::allocator<char>>'
e:\2106\c++\cktrader\include\utils\cktypes.h(141): warning C4251: 'TradeData::orderID': class 'std::basic_string<char,std::char_traits<char>,std::allocator<char>>' needs to have dll-interface to be used by clients of struct 'TradeData'
  c:\program files (x86)\microsoft visual studio 14.0\vc\include\xstring(2633): note: see declaration of 'std::basic_string<char,std::char_traits<char>,std::allocator<char>>'
e:\2106\c++\cktrader\include\utils\cktypes.h(142): warning C4251: 'TradeData::direction': class 'std::basic_string<char,std::char_traits<char>,std::allocator<char>>' needs to have dll-interface to be used by clients of struct 'TradeData'
  c:\program files (x86)\microsoft visual studio 14.0\vc\include\xstring(2633): note: see declaration of 'std::basic_string<char,std::char_traits<char>,std::allocator<char>>'
e:\2106\c++\cktrader\include\utils\cktypes.h(143): warning C4251: 'TradeData::offset': class 'std::basic_string<char,std::char_traits<char>,std::allocator<char>>' needs to have dll-interface to be used by clients of struct 'TradeData'
  c:\program files (x86)\microsoft visual studio 14.0\vc\include\xstring(2633): note: see declaration of 'std::basic_string<char,std::char_traits<char>,std::allocator<char>>'
e:\2106\c++\cktrader\include\utils\cktypes.h(146): warning C4251: 'TradeData::tradeTime': class 'std::basic_string<char,std::char_traits<char>,std::allocator<char>>' needs to have dll-interface to be used by clients of struct 'TradeData'
  c:\program files (x86)\microsoft visual studio 14.0\vc\include\xstring(2633): note: see declaration of 'std::basic_string<char,std::char_traits<char>,std::allocator<char>>'
e:\2106\c++\cktrader\include\utils\cktypes.h(147): warning C4251: 'TradeData::tTradeID': class 'std::basic_string<char,std::char_traits<char>,std::allocator<char>>' needs to have dll-interface to be used by clients of struct 'TradeData'
  c:\program files (x86)\microsoft visual studio 14.0\vc\include\xstring(2633): note: see declaration of 'std::basic_string<char,std::char_traits<char>,std::allocator<char>>'
e:\2106\c++\cktrader\include\utils\cktypes.h(148): warning C4251: 'TradeData::tOrderID': class 'std::basic_string<char,std::char_traits<char>,std::allocator<char>>' needs to have dll-interface to be used by clients of struct 'TradeData'
  c:\program files (x86)\microsoft visual studio 14.0\vc\include\xstring(2633): note: see declaration of 'std::basic_string<char,std::char_traits<char>,std::allocator<char>>'
e:\2106\c++\cktrader\include\utils\cktypes.h(149): warning C4251: 'TradeData::gateWayName': class 'std::basic_string<char,std::char_traits<char>,std::allocator<char>>' needs to have dll-interface to be used by clients of struct 'TradeData'
  c:\program files (x86)\microsoft visual studio 14.0\vc\include\xstring(2633): note: see declaration of 'std::basic_string<char,std::char_traits<char>,std::allocator<char>>'
e:\2106\c++\cktrader\include\utils\cktypes.h(150): warning C4251: 'TradeData::tSymbol': class 'std::basic_string<char,std::char_traits<char>,std::allocator<char>>' needs to have dll-interface to be used by clients of struct 'TradeData'
  c:\program files (x86)\microsoft visual studio 14.0\vc\include\xstring(2633): note: see declaration of 'std::basic_string<char,std::char_traits<char>,std::allocator<char>>'
e:\2106\c++\cktrader\include\utils\cktypes.h(155): warning C4251: 'PositionData::symbol': class 'std::basic_string<char,std::char_traits<char>,std::allocator<char>>' needs to have dll-interface to be used by clients of struct 'PositionData'
  c:\program files (x86)\microsoft visual studio 14.0\vc\include\xstring(2633): note: see declaration of 'std::basic_string<char,std::char_traits<char>,std::allocator<char>>'
e:\2106\c++\cktrader\include\utils\cktypes.h(156): warning C4251: 'PositionData::exchange': class 'std::basic_string<char,std::char_traits<char>,std::allocator<char>>' needs to have dll-interface to be used by clients of struct 'PositionData'
  c:\program files (x86)\microsoft visual studio 14.0\vc\include\xstring(2633): note: see declaration of 'std::basic_string<char,std::char_traits<char>,std::allocator<char>>'
e:\2106\c++\cktrader\include\utils\cktypes.h(157): warning C4251: 'PositionData::tSymbol': class 'std::basic_string<char,std::char_traits<char>,std::allocator<char>>' needs to have dll-interface to be used by clients of struct 'PositionData'
  c:\program files (x86)\microsoft visual studio 14.0\vc\include\xstring(2633): note: see declaration of 'std::basic_string<char,std::char_traits<char>,std::allocator<char>>'
e:\2106\c++\cktrader\include\utils\cktypes.h(158): warning C4251: 'PositionData::direction': class 'std::basic_string<char,std::char_traits<char>,std::allocator<char>>' needs to have dll-interface to be used by clients of struct 'PositionData'
  c:\program files (x86)\microsoft visual studio 14.0\vc\include\xstring(2633): note: see declaration of 'std::basic_string<char,std::char_traits<char>,std::allocator<char>>'
e:\2106\c++\cktrader\include\utils\cktypes.h(162): warning C4251: 'PositionData::tPositionName': class 'std::basic_string<char,std::char_traits<char>,std::allocator<char>>' needs to have dll-interface to be used by clients of struct 'PositionData'
  c:\program files (x86)\microsoft visual studio 14.0\vc\include\xstring(2633): note: see declaration of 'std::basic_string<char,std::char_traits<char>,std::allocator<char>>'
e:\2106\c++\cktrader\include\utils\cktypes.h(164): warning C4251: 'PositionData::gateWayName': class 'std::basic_string<char,std::char_traits<char>,std::allocator<char>>' needs to have dll-interface to be used by clients of struct 'PositionData'
  c:\program files (x86)\microsoft visual studio 14.0\vc\include\xstring(2633): note: see declaration of 'std::basic_string<char,std::char_traits<char>,std::allocator<char>>'
e:\2106\c++\cktrader\include\utils\cktypes.h(172): warning C4251: 'AccountData::accountID': class 'std::basic_string<char,std::char_traits<char>,std::allocator<char>>' needs to have dll-interface to be used by clients of struct 'AccountData'
  c:\program files (x86)\microsoft visual studio 14.0\vc\include\xstring(2633): note: see declaration of 'std::basic_string<char,std::char_traits<char>,std::allocator<char>>'
e:\2106\c++\cktrader\include\utils\cktypes.h(173): warning C4251: 'AccountData::tAccountID': class 'std::basic_string<char,std::char_traits<char>,std::allocator<char>>' needs to have dll-interface to be used by clients of struct 'AccountData'
  c:\program files (x86)\microsoft visual studio 14.0\vc\include\xstring(2633): note: see declaration of 'std::basic_string<char,std::char_traits<char>,std::allocator<char>>'
e:\2106\c++\cktrader\include\utils\cktypes.h(181): warning C4251: 'AccountData::gateWayName': class 'std::basic_string<char,std::char_traits<char>,std::allocator<char>>' needs to have dll-interface to be used by clients of struct 'AccountData'
  c:\program files (x86)\microsoft visual studio 14.0\vc\include\xstring(2633): note: see declaration of 'std::basic_string<char,std::char_traits<char>,std::allocator<char>>'
e:\2106\c++\cktrader\include\utils\cktypes.h(186): warning C4251: 'ErrorData::errorID': class 'std::basic_string<char,std::char_traits<char>,std::allocator<char>>' needs to have dll-interface to be used by clients of struct 'ErrorData'
  c:\program files (x86)\microsoft visual studio 14.0\vc\include\xstring(2633): note: see declaration of 'std::basic_string<char,std::char_traits<char>,std::allocator<char>>'
e:\2106\c++\cktrader\include\utils\cktypes.h(187): warning C4251: 'ErrorData::errorMsg': class 'std::basic_string<char,std::char_traits<char>,std::allocator<char>>' needs to have dll-interface to be used by clients of struct 'ErrorData'
  c:\program files (x86)\microsoft visual studio 14.0\vc\include\xstring(2633): note: see declaration of 'std::basic_string<char,std::char_traits<char>,std::allocator<char>>'
e:\2106\c++\cktrader\include\utils\cktypes.h(188): warning C4251: 'ErrorData::additionalInfo': class 'std::basic_string<char,std::char_traits<char>,std::allocator<char>>' needs to have dll-interface to be used by clients of struct 'ErrorData'
  c:\program files (x86)\microsoft visual studio 14.0\vc\include\xstring(2633): note: see declaration of 'std::basic_string<char,std::char_traits<char>,std::allocator<char>>'
e:\2106\c++\cktrader\include\utils\cktypes.h(189): warning C4251: 'ErrorData::gateWayName': class 'std::basic_string<char,std::char_traits<char>,std::allocator<char>>' needs to have dll-interface to be used by clients of struct 'ErrorData'
  c:\program files (x86)\microsoft visual studio 14.0\vc\include\xstring(2633): note: see declaration of 'std::basic_string<char,std::char_traits<char>,std::allocator<char>>'
e:\2106\c++\cktrader\include\utils\cktypes.h(194): warning C4251: 'LogData::logContent': class 'std::basic_string<char,std::char_traits<char>,std::allocator<char>>' needs to have dll-interface to be used by clients of struct 'LogData'
  c:\program files (x86)\microsoft visual studio 14.0\vc\include\xstring(2633): note: see declaration of 'std::basic_string<char,std::char_traits<char>,std::allocator<char>>'
e:\2106\c++\cktrader\include\utils\cktypes.h(195): warning C4251: 'LogData::gateWayName': class 'std::basic_string<char,std::char_traits<char>,std::allocator<char>>' needs to have dll-interface to be used by clients of struct 'LogData'
  c:\program files (x86)\microsoft visual studio 14.0\vc\include\xstring(2633): note: see declaration of 'std::basic_string<char,std::char_traits<char>,std::allocator<char>>'
e:\2106\c++\cktrader\include\utils\cktypes.h(200): warning C4251: 'ContractData::symbol': class 'std::basic_string<char,std::char_traits<char>,std::allocator<char>>' needs to have dll-interface to be used by clients of struct 'ContractData'
  c:\program files (x86)\microsoft visual studio 14.0\vc\include\xstring(2633): note: see declaration of 'std::basic_string<char,std::char_traits<char>,std::allocator<char>>'
e:\2106\c++\cktrader\include\utils\cktypes.h(201): warning C4251: 'ContractData::exchange': class 'std::basic_string<char,std::char_traits<char>,std::allocator<char>>' needs to have dll-interface to be used by clients of struct 'ContractData'
  c:\program files (x86)\microsoft visual studio 14.0\vc\include\xstring(2633): note: see declaration of 'std::basic_string<char,std::char_traits<char>,std::allocator<char>>'
e:\2106\c++\cktrader\include\utils\cktypes.h(202): warning C4251: 'ContractData::tSymbol': class 'std::basic_string<char,std::char_traits<char>,std::allocator<char>>' needs to have dll-interface to be used by clients of struct 'ContractData'
  c:\program files (x86)\microsoft visual studio 14.0\vc\include\xstring(2633): note: see declaration of 'std::basic_string<char,std::char_traits<char>,std::allocator<char>>'
e:\2106\c++\cktrader\include\utils\cktypes.h(203): warning C4251: 'ContractData::name': class 'std::basic_string<char,std::char_traits<char>,std::allocator<char>>' needs to have dll-interface to be used by clients of struct 'ContractData'
  c:\program files (x86)\microsoft visual studio 14.0\vc\include\xstring(2633): note: see declaration of 'std::basic_string<char,std::char_traits<char>,std::allocator<char>>'
e:\2106\c++\cktrader\include\utils\cktypes.h(204): warning C4251: 'ContractData::productClass': class 'std::basic_string<char,std::char_traits<char>,std::allocator<char>>' needs to have dll-interface to be used by clients of struct 'ContractData'
  c:\program files (x86)\microsoft visual studio 14.0\vc\include\xstring(2633): note: see declaration of 'std::basic_string<char,std::char_traits<char>,std::allocator<char>>'
e:\2106\c++\cktrader\include\utils\cktypes.h(208): warning C4251: 'ContractData::underlyingSymbol': class 'std::basic_string<char,std::char_traits<char>,std::allocator<char>>' needs to have dll-interface to be used by clients of struct 'ContractData'
  c:\program files (x86)\microsoft visual studio 14.0\vc\include\xstring(2633): note: see declaration of 'std::basic_string<char,std::char_traits<char>,std::allocator<char>>'
e:\2106\c++\cktrader\include\utils\cktypes.h(209): warning C4251: 'ContractData::optionType': class 'std::basic_string<char,std::char_traits<char>,std::allocator<char>>' needs to have dll-interface to be used by clients of struct 'ContractData'
  c:\program files (x86)\microsoft visual studio 14.0\vc\include\xstring(2633): note: see declaration of 'std::basic_string<char,std::char_traits<char>,std::allocator<char>>'
e:\2106\c++\cktrader\include\utils\cktypes.h(210): warning C4251: 'ContractData::gateWayName': class 'std::basic_string<char,std::char_traits<char>,std::allocator<char>>' needs to have dll-interface to be used by clients of struct 'ContractData'
  c:\program files (x86)\microsoft visual studio 14.0\vc\include\xstring(2633): note: see declaration of 'std::basic_string<char,std::char_traits<char>,std::allocator<char>>'
e:\2106\c++\cktrader\include\utils\cktypes.h(215): warning C4251: 'SubscribeReq::symbol': class 'std::basic_string<char,std::char_traits<char>,std::allocator<char>>' needs to have dll-interface to be used by clients of struct 'SubscribeReq'
  c:\program files (x86)\microsoft visual studio 14.0\vc\include\xstring(2633): note: see declaration of 'std::basic_string<char,std::char_traits<char>,std::allocator<char>>'
e:\2106\c++\cktrader\include\utils\cktypes.h(216): warning C4251: 'SubscribeReq::exchange': class 'std::basic_string<char,std::char_traits<char>,std::allocator<char>>' needs to have dll-interface to be used by clients of struct 'SubscribeReq'
  c:\program files (x86)\microsoft visual studio 14.0\vc\include\xstring(2633): note: see declaration of 'std::basic_string<char,std::char_traits<char>,std::allocator<char>>'
e:\2106\c++\cktrader\include\utils\cktypes.h(217): warning C4251: 'SubscribeReq::productClass': class 'std::basic_string<char,std::char_traits<char>,std::allocator<char>>' needs to have dll-interface to be used by clients of struct 'SubscribeReq'
  c:\program files (x86)\microsoft visual studio 14.0\vc\include\xstring(2633): note: see declaration of 'std::basic_string<char,std::char_traits<char>,std::allocator<char>>'
e:\2106\c++\cktrader\include\utils\cktypes.h(218): warning C4251: 'SubscribeReq::currency': class 'std::basic_string<char,std::char_traits<char>,std::allocator<char>>' needs to have dll-interface to be used by clients of struct 'SubscribeReq'
  c:\program files (x86)\microsoft visual studio 14.0\vc\include\xstring(2633): note: see declaration of 'std::basic_string<char,std::char_traits<char>,std::allocator<char>>'
e:\2106\c++\cktrader\include\utils\cktypes.h(219): warning C4251: 'SubscribeReq::expiry': class 'std::basic_string<char,std::char_traits<char>,std::allocator<char>>' needs to have dll-interface to be used by clients of struct 'SubscribeReq'
  c:\program files (x86)\microsoft visual studio 14.0\vc\include\xstring(2633): note: see declaration of 'std::basic_string<char,std::char_traits<char>,std::allocator<char>>'
e:\2106\c++\cktrader\include\utils\cktypes.h(221): warning C4251: 'SubscribeReq::optionType': class 'std::basic_string<char,std::char_traits<char>,std::allocator<char>>' needs to have dll-interface to be used by clients of struct 'SubscribeReq'
  c:\program files (x86)\microsoft visual studio 14.0\vc\include\xstring(2633): note: see declaration of 'std::basic_string<char,std::char_traits<char>,std::allocator<char>>'
e:\2106\c++\cktrader\include\utils\cktypes.h(226): warning C4251: 'OrderReq::symbol': class 'std::basic_string<char,std::char_traits<char>,std::allocator<char>>' needs to have dll-interface to be used by clients of struct 'OrderReq'
  c:\program files (x86)\microsoft visual studio 14.0\vc\include\xstring(2633): note: see declaration of 'std::basic_string<char,std::char_traits<char>,std::allocator<char>>'
e:\2106\c++\cktrader\include\utils\cktypes.h(227): warning C4251: 'OrderReq::exchange': class 'std::basic_string<char,std::char_traits<char>,std::allocator<char>>' needs to have dll-interface to be used by clients of struct 'OrderReq'
  c:\program files (x86)\microsoft visual studio 14.0\vc\include\xstring(2633): note: see declaration of 'std::basic_string<char,std::char_traits<char>,std::allocator<char>>'
e:\2106\c++\cktrader\include\utils\cktypes.h(230): warning C4251: 'OrderReq::priceType': class 'std::basic_string<char,std::char_traits<char>,std::allocator<char>>' needs to have dll-interface to be used by clients of struct 'OrderReq'
  c:\program files (x86)\microsoft visual studio 14.0\vc\include\xstring(2633): note: see declaration of 'std::basic_string<char,std::char_traits<char>,std::allocator<char>>'
e:\2106\c++\cktrader\include\utils\cktypes.h(231): warning C4251: 'OrderReq::direction': class 'std::basic_string<char,std::char_traits<char>,std::allocator<char>>' needs to have dll-interface to be used by clients of struct 'OrderReq'
  c:\program files (x86)\microsoft visual studio 14.0\vc\include\xstring(2633): note: see declaration of 'std::basic_string<char,std::char_traits<char>,std::allocator<char>>'
e:\2106\c++\cktrader\include\utils\cktypes.h(232): warning C4251: 'OrderReq::offset': class 'std::basic_string<char,std::char_traits<char>,std::allocator<char>>' needs to have dll-interface to be used by clients of struct 'OrderReq'
  c:\program files (x86)\microsoft visual studio 14.0\vc\include\xstring(2633): note: see declaration of 'std::basic_string<char,std::char_traits<char>,std::allocator<char>>'
e:\2106\c++\cktrader\include\utils\cktypes.h(233): warning C4251: 'OrderReq::productClass': class 'std::basic_string<char,std::char_traits<char>,std::allocator<char>>' needs to have dll-interface to be used by clients of struct 'OrderReq'
  c:\program files (x86)\microsoft visual studio 14.0\vc\include\xstring(2633): note: see declaration of 'std::basic_string<char,std::char_traits<char>,std::allocator<char>>'
e:\2106\c++\cktrader\include\utils\cktypes.h(234): warning C4251: 'OrderReq::currency': class 'std::basic_string<char,std::char_traits<char>,std::allocator<char>>' needs to have dll-interface to be used by clients of struct 'OrderReq'
  c:\program files (x86)\microsoft visual studio 14.0\vc\include\xstring(2633): note: see declaration of 'std::basic_string<char,std::char_traits<char>,std::allocator<char>>'
e:\2106\c++\cktrader\include\utils\cktypes.h(235): warning C4251: 'OrderReq::expiry': class 'std::basic_string<char,std::char_traits<char>,std::allocator<char>>' needs to have dll-interface to be used by clients of struct 'OrderReq'
  c:\program files (x86)\microsoft visual studio 14.0\vc\include\xstring(2633): note: see declaration of 'std::basic_string<char,std::char_traits<char>,std::allocator<char>>'
e:\2106\c++\cktrader\include\utils\cktypes.h(237): warning C4251: 'OrderReq::optionType': class 'std::basic_string<char,std::char_traits<char>,std::allocator<char>>' needs to have dll-interface to be used by clients of struct 'OrderReq'
  c:\program files (x86)\microsoft visual studio 14.0\vc\include\xstring(2633): note: see declaration of 'std::basic_string<char,std::char_traits<char>,std::allocator<char>>'
e:\2106\c++\cktrader\include\utils\cktypes.h(238): warning C4251: 'OrderReq::strateyName': class 'std::basic_string<char,std::char_traits<char>,std::allocator<char>>' needs to have dll-interface to be used by clients of struct 'OrderReq'
  c:\program files (x86)\microsoft visual studio 14.0\vc\include\xstring(2633): note: see declaration of 'std::basic_string<char,std::char_traits<char>,std::allocator<char>>'
e:\2106\c++\cktrader\include\utils\cktypes.h(243): warning C4251: 'CancelOrderReq::symbol': class 'std::basic_string<char,std::char_traits<char>,std::allocator<char>>' needs to have dll-interface to be used by clients of struct 'CancelOrderReq'
  c:\program files (x86)\microsoft visual studio 14.0\vc\include\xstring(2633): note: see declaration of 'std::basic_string<char,std::char_traits<char>,std::allocator<char>>'
e:\2106\c++\cktrader\include\utils\cktypes.h(244): warning C4251: 'CancelOrderReq::exchange': class 'std::basic_string<char,std::char_traits<char>,std::allocator<char>>' needs to have dll-interface to be used by clients of struct 'CancelOrderReq'
  c:\program files (x86)\microsoft visual studio 14.0\vc\include\xstring(2633): note: see declaration of 'std::basic_string<char,std::char_traits<char>,std::allocator<char>>'
e:\2106\c++\cktrader\include\utils\cktypes.h(245): warning C4251: 'CancelOrderReq::orderID': class 'std::basic_string<char,std::char_traits<char>,std::allocator<char>>' needs to have dll-interface to be used by clients of struct 'CancelOrderReq'
  c:\program files (x86)\microsoft visual studio 14.0\vc\include\xstring(2633): note: see declaration of 'std::basic_string<char,std::char_traits<char>,std::allocator<char>>'
e:\2106\c++\cktrader\include\utils\cktypes.h(246): warning C4251: 'CancelOrderReq::frontID': class 'std::basic_string<char,std::char_traits<char>,std::allocator<char>>' needs to have dll-interface to be used by clients of struct 'CancelOrderReq'
  c:\program files (x86)\microsoft visual studio 14.0\vc\include\xstring(2633): note: see declaration of 'std::basic_string<char,std::char_traits<char>,std::allocator<char>>'
e:\2106\c++\cktrader\include\utils\cktypes.h(247): warning C4251: 'CancelOrderReq::sessionID': class 'std::basic_string<char,std::char_traits<char>,std::allocator<char>>' needs to have dll-interface to be used by clients of struct 'CancelOrderReq'
  c:\program files (x86)\microsoft visual studio 14.0\vc\include\xstring(2633): note: see declaration of 'std::basic_string<char,std::char_traits<char>,std::allocator<char>>'
e:\2106\c++\cktrader\include\eventservice\eventengine.h(37): warning C4251: 'cktrader::EventEngine::m_active': struct 'std::atomic<bool>' needs to have dll-interface to be used by clients of class 'cktrader::EventEngine'
  c:\program files (x86)\microsoft visual studio 14.0\vc\include\xxatomic(180): note: see declaration of 'std::atomic<bool>'
e:\2106\c++\cktrader\include\eventservice\eventengine.h(40): warning C4251: 'cktrader::EventEngine::the_mutex': class 'std::recursive_mutex' needs to have dll-interface to be used by clients of class 'cktrader::EventEngine'
  c:\program files (x86)\microsoft visual studio 14.0\vc\include\mutex(91): note: see declaration of 'std::recursive_mutex'
e:\2106\c++\cktrader\src\eventservice\eventengine.cpp(178): warning C4101: 'bc': unreferenced local variable
     Creating library E:\2106\c++\cktrader\x64\Debug\eventservice.lib and object E:\2106\c++\cktrader\x64\Debug\eventservice.exp
  eventservice.vcxproj -> E:\2106\c++\cktrader\x64\Debug\eventservice.dll
  eventservice.vcxproj -> E:\2106\c++\cktrader\x64\Debug\eventservice.pdb (Full PDB)
